[2022-05-26 14:15:47.5354] [INFO] [BreadCommunityWeb.Blz.Server.Program] init main 
[2022-05-26 14:16:00.2317] [INFO] [Microsoft.Hosting.Lifetime] Now listening on: http://[::]:5000 
[2022-05-26 14:16:00.2556] [INFO] [Microsoft.Hosting.Lifetime] Application started. Press Ctrl+C to shut down. 
[2022-05-26 14:16:00.2556] [INFO] [Microsoft.Hosting.Lifetime] Hosting environment: Development 
[2022-05-26 14:16:00.2556] [INFO] [Microsoft.Hosting.Lifetime] Content root path: C:\Prj\Work\BreadCommunityWeb.Blz\Server 
[2022-05-26 14:16:54.3530] [INFO] [BreadCommunityWeb.Blz.Server.Program] init main 
[2022-05-26 14:17:03.2984] [INFO] [Microsoft.Hosting.Lifetime] Now listening on: http://[::]:5000 
[2022-05-26 14:17:03.3347] [INFO] [Microsoft.Hosting.Lifetime] Application started. Press Ctrl+C to shut down. 
[2022-05-26 14:17:03.3347] [INFO] [Microsoft.Hosting.Lifetime] Hosting environment: Development 
[2022-05-26 14:17:03.3422] [INFO] [Microsoft.Hosting.Lifetime] Content root path: C:\Prj\Work\BreadCommunityWeb.Blz\Server 
[2022-05-26 14:44:06.7688] [INFO] [BreadCommunityWeb.Blz.Server.Program] init main 
[2022-05-26 14:44:14.7982] [INFO] [Microsoft.Hosting.Lifetime] Now listening on: http://[::]:5000 
[2022-05-26 14:44:14.8150] [INFO] [Microsoft.Hosting.Lifetime] Application started. Press Ctrl+C to shut down. 
[2022-05-26 14:44:14.8150] [INFO] [Microsoft.Hosting.Lifetime] Hosting environment: Development 
[2022-05-26 14:44:14.8150] [INFO] [Microsoft.Hosting.Lifetime] Content root path: C:\Prj\Work\BreadCommunityWeb.Blz\Server 
[2022-05-26 14:45:23.6490] [INFO] [BreadCommunityWeb.Blz.Server.Program] init main 
[2022-05-26 14:45:33.5598] [INFO] [Microsoft.Hosting.Lifetime] Now listening on: http://[::]:5000 
[2022-05-26 14:45:33.6048] [INFO] [Microsoft.Hosting.Lifetime] Application started. Press Ctrl+C to shut down. 
[2022-05-26 14:45:33.6072] [INFO] [Microsoft.Hosting.Lifetime] Hosting environment: Development 
[2022-05-26 14:45:33.6072] [INFO] [Microsoft.Hosting.Lifetime] Content root path: C:\Prj\Work\BreadCommunityWeb.Blz\Server 
[2022-05-26 14:50:13.3070] [INFO] [BreadCommunityWeb.Blz.Server.Program] init main 
[2022-05-26 14:50:20.5226] [INFO] [Microsoft.Hosting.Lifetime] Now listening on: http://[::]:5000 
[2022-05-26 14:50:20.5478] [INFO] [Microsoft.Hosting.Lifetime] Application started. Press Ctrl+C to shut down. 
[2022-05-26 14:50:20.5478] [INFO] [Microsoft.Hosting.Lifetime] Hosting environment: Development 
[2022-05-26 14:50:20.5478] [INFO] [Microsoft.Hosting.Lifetime] Content root path: C:\Prj\Work\BreadCommunityWeb.Blz\Server 
[2022-05-26 14:51:14.7632] [INFO] [BreadCommunityWeb.Blz.Server.Program] init main 
[2022-05-26 14:51:24.3977] [INFO] [Microsoft.Hosting.Lifetime] Now listening on: http://[::]:5000 
[2022-05-26 14:51:24.4382] [INFO] [Microsoft.Hosting.Lifetime] Application started. Press Ctrl+C to shut down. 
[2022-05-26 14:51:24.4382] [INFO] [Microsoft.Hosting.Lifetime] Hosting environment: Development 
[2022-05-26 14:51:24.4382] [INFO] [Microsoft.Hosting.Lifetime] Content root path: C:\Prj\Work\BreadCommunityWeb.Blz\Server 
[2022-05-26 14:54:55.1980] [INFO] [BreadCommunityWeb.Blz.Server.Program] init main 
[2022-05-26 14:55:04.5453] [INFO] [Microsoft.Hosting.Lifetime] Now listening on: http://[::]:5000 
[2022-05-26 14:55:04.6616] [INFO] [Microsoft.Hosting.Lifetime] Application started. Press Ctrl+C to shut down. 
[2022-05-26 14:55:04.7085] [INFO] [Microsoft.Hosting.Lifetime] Hosting environment: Development 
[2022-05-26 14:55:04.7378] [INFO] [Microsoft.Hosting.Lifetime] Content root path: C:\Prj\Work\BreadCommunityWeb.Blz\Server 
[2022-05-26 15:03:56.8695] [INFO] [BreadCommunityWeb.Blz.Server.Program] init main 
[2022-05-26 15:04:04.8295] [INFO] [Microsoft.Hosting.Lifetime] Now listening on: http://[::]:5000 
[2022-05-26 15:04:04.8565] [INFO] [Microsoft.Hosting.Lifetime] Application started. Press Ctrl+C to shut down. 
[2022-05-26 15:04:04.8565] [INFO] [Microsoft.Hosting.Lifetime] Hosting environment: Development 
[2022-05-26 15:04:04.8565] [INFO] [Microsoft.Hosting.Lifetime] Content root path: C:\Prj\Work\BreadCommunityWeb.Blz\Server 
[2022-05-26 16:39:52.0115] [INFO] [BreadCommunityWeb.Blz.Server.Program] init main 
[2022-05-26 16:40:16.7070] [INFO] [Microsoft.Hosting.Lifetime] Now listening on: http://[::]:5000 
[2022-05-26 16:40:16.7799] [INFO] [Microsoft.Hosting.Lifetime] Application started. Press Ctrl+C to shut down. 
[2022-05-26 16:40:16.7799] [INFO] [Microsoft.Hosting.Lifetime] Hosting environment: Development 
[2022-05-26 16:40:16.7799] [INFO] [Microsoft.Hosting.Lifetime] Content root path: C:\Prj\Work\BreadCommunityWeb.Blz\Server 
