[2022-03-16 21:12:07.7054] [INFO] [BreadCommunityWeb.Blz.Server.Program] init main 
[2022-03-16 21:12:27.4981] [INFO] [Microsoft.Hosting.Lifetime] Now listening on: http://[::]:5000 
[2022-03-16 21:12:27.5453] [INFO] [Microsoft.Hosting.Lifetime] Application started. Press Ctrl+C to shut down. 
[2022-03-16 21:12:27.5536] [INFO] [Microsoft.Hosting.Lifetime] Hosting environment: Development 
[2022-03-16 21:12:27.5664] [INFO] [Microsoft.Hosting.Lifetime] Content root path: C:\Prj\Work\BreadCommunityWeb.Blz\Server 
[2022-03-16 21:13:46.1720] [INFO] [BreadCommunityWeb.Blz.Server.Program] init main 
[2022-03-16 21:13:58.0008] [INFO] [Microsoft.Hosting.Lifetime] Now listening on: http://[::]:5000 
[2022-03-16 21:13:58.0311] [INFO] [Microsoft.Hosting.Lifetime] Application started. Press Ctrl+C to shut down. 
[2022-03-16 21:13:58.0311] [INFO] [Microsoft.Hosting.Lifetime] Hosting environment: Development 
[2022-03-16 21:13:58.0350] [INFO] [Microsoft.Hosting.Lifetime] Content root path: C:\Prj\Work\BreadCommunityWeb.Blz\Server 
[2022-03-16 21:15:23.2442] [INFO] [BreadCommunityWeb.Blz.Server.Program] init main 
[2022-03-16 21:15:36.8264] [INFO] [Microsoft.Hosting.Lifetime] Now listening on: http://[::]:5000 
[2022-03-16 21:15:36.8739] [INFO] [Microsoft.Hosting.Lifetime] Application started. Press Ctrl+C to shut down. 
[2022-03-16 21:15:36.8739] [INFO] [Microsoft.Hosting.Lifetime] Hosting environment: Development 
[2022-03-16 21:15:36.8794] [INFO] [Microsoft.Hosting.Lifetime] Content root path: C:\Prj\Work\BreadCommunityWeb.Blz\Server 
[2022-03-16 21:19:30.2962] [INFO] [BreadCommunityWeb.Blz.Server.Program] init main 
[2022-03-16 21:19:45.3484] [INFO] [Microsoft.Hosting.Lifetime] Now listening on: http://[::]:5000 
[2022-03-16 21:19:45.3902] [INFO] [Microsoft.Hosting.Lifetime] Application started. Press Ctrl+C to shut down. 
[2022-03-16 21:19:45.3902] [INFO] [Microsoft.Hosting.Lifetime] Hosting environment: Development 
[2022-03-16 21:19:45.3954] [INFO] [Microsoft.Hosting.Lifetime] Content root path: C:\Prj\Work\BreadCommunityWeb.Blz\Server 
[2022-03-16 21:21:20.7008] [INFO] [BreadCommunityWeb.Blz.Server.Program] init main 
[2022-03-16 21:21:33.5487] [INFO] [Microsoft.Hosting.Lifetime] Now listening on: http://[::]:5000 
[2022-03-16 21:21:33.5850] [INFO] [Microsoft.Hosting.Lifetime] Application started. Press Ctrl+C to shut down. 
[2022-03-16 21:21:33.5850] [INFO] [Microsoft.Hosting.Lifetime] Hosting environment: Development 
[2022-03-16 21:21:33.6009] [INFO] [Microsoft.Hosting.Lifetime] Content root path: C:\Prj\Work\BreadCommunityWeb.Blz\Server 
[2022-03-16 21:31:21.9625] [INFO] [BreadCommunityWeb.Blz.Server.Program] init main 
[2022-03-16 21:31:36.9951] [INFO] [Microsoft.Hosting.Lifetime] Now listening on: http://[::]:5000 
[2022-03-16 21:31:37.0201] [INFO] [Microsoft.Hosting.Lifetime] Application started. Press Ctrl+C to shut down. 
[2022-03-16 21:31:37.0201] [INFO] [Microsoft.Hosting.Lifetime] Hosting environment: Development 
[2022-03-16 21:31:37.0201] [INFO] [Microsoft.Hosting.Lifetime] Content root path: C:\Prj\Work\BreadCommunityWeb.Blz\Server 
[2022-03-16 21:34:45.4880] [INFO] [BreadCommunityWeb.Blz.Server.Program] init main 
[2022-03-16 21:34:58.2503] [INFO] [Microsoft.Hosting.Lifetime] Now listening on: http://[::]:5000 
[2022-03-16 21:34:58.3221] [INFO] [Microsoft.Hosting.Lifetime] Application started. Press Ctrl+C to shut down. 
[2022-03-16 21:34:58.3394] [INFO] [Microsoft.Hosting.Lifetime] Hosting environment: Development 
[2022-03-16 21:34:58.3394] [INFO] [Microsoft.Hosting.Lifetime] Content root path: C:\Prj\Work\BreadCommunityWeb.Blz\Server 
