[2022-03-15 08:55:51.1648] [INFO] [BreadCommunityWeb.Blz.Server.Program] init main 
[2022-03-15 08:56:05.3844] [INFO] [Microsoft.Hosting.Lifetime] Now listening on: http://[::]:5000 
[2022-03-15 08:56:05.5650] [INFO] [Microsoft.Hosting.Lifetime] Application started. Press Ctrl+C to shut down. 
[2022-03-15 08:56:05.5959] [INFO] [Microsoft.Hosting.Lifetime] Hosting environment: Development 
[2022-03-15 08:56:05.6431] [INFO] [Microsoft.Hosting.Lifetime] Content root path: C:\Prj\Work\BreadCommunityWeb.Blz\Server 
[2022-03-15 08:57:11.8552] [INFO] [BreadCommunityWeb.Blz.Server.Program] init main 
[2022-03-15 08:57:24.6169] [INFO] [Microsoft.Hosting.Lifetime] Now listening on: http://[::]:5000 
[2022-03-15 08:57:24.6503] [INFO] [Microsoft.Hosting.Lifetime] Application started. Press Ctrl+C to shut down. 
[2022-03-15 08:57:24.6503] [INFO] [Microsoft.Hosting.Lifetime] Hosting environment: Development 
[2022-03-15 08:57:24.6503] [INFO] [Microsoft.Hosting.Lifetime] Content root path: C:\Prj\Work\BreadCommunityWeb.Blz\Server 
[2022-03-15 09:03:10.6528] [INFO] [BreadCommunityWeb.Blz.Server.Program] init main 
[2022-03-15 09:03:21.1313] [INFO] [Microsoft.Hosting.Lifetime] Now listening on: http://[::]:5000 
[2022-03-15 09:03:21.1988] [INFO] [Microsoft.Hosting.Lifetime] Application started. Press Ctrl+C to shut down. 
[2022-03-15 09:03:21.2710] [INFO] [Microsoft.Hosting.Lifetime] Hosting environment: Development 
[2022-03-15 09:03:21.2710] [INFO] [Microsoft.Hosting.Lifetime] Content root path: C:\Prj\Work\BreadCommunityWeb.Blz\Server 
[2022-03-15 09:31:49.6037] [INFO] [BreadCommunityWeb.Blz.Server.Program] init main 
[2022-03-15 09:31:57.6995] [INFO] [Microsoft.Hosting.Lifetime] Now listening on: http://[::]:5000 
[2022-03-15 09:31:57.7236] [INFO] [Microsoft.Hosting.Lifetime] Application started. Press Ctrl+C to shut down. 
[2022-03-15 09:31:57.7236] [INFO] [Microsoft.Hosting.Lifetime] Hosting environment: Development 
[2022-03-15 09:31:57.7236] [INFO] [Microsoft.Hosting.Lifetime] Content root path: C:\Prj\Work\BreadCommunityWeb.Blz\Server 
[2022-03-15 09:39:03.9358] [INFO] [BreadCommunityWeb.Blz.Server.Program] init main 
[2022-03-15 09:39:10.9672] [INFO] [Microsoft.Hosting.Lifetime] Now listening on: http://[::]:5000 
[2022-03-15 09:39:10.9929] [INFO] [Microsoft.Hosting.Lifetime] Application started. Press Ctrl+C to shut down. 
[2022-03-15 09:39:11.0080] [INFO] [Microsoft.Hosting.Lifetime] Hosting environment: Development 
[2022-03-15 09:39:11.0305] [INFO] [Microsoft.Hosting.Lifetime] Content root path: C:\Prj\Work\BreadCommunityWeb.Blz\Server 
[2022-03-15 09:40:10.4016] [INFO] [BreadCommunityWeb.Blz.Server.Program] init main 
[2022-03-15 09:40:17.4194] [INFO] [Microsoft.Hosting.Lifetime] Now listening on: http://[::]:5000 
[2022-03-15 09:40:17.4428] [INFO] [Microsoft.Hosting.Lifetime] Application started. Press Ctrl+C to shut down. 
[2022-03-15 09:40:17.4428] [INFO] [Microsoft.Hosting.Lifetime] Hosting environment: Development 
[2022-03-15 09:40:17.4428] [INFO] [Microsoft.Hosting.Lifetime] Content root path: C:\Prj\Work\BreadCommunityWeb.Blz\Server 
