[2022-05-23 21:16:52.5186] [INFO] [BreadCommunityWeb.Blz.Server.Program] init main 
[2022-05-23 21:17:02.1428] [INFO] [Microsoft.Hosting.Lifetime] Now listening on: http://[::]:5000 
[2022-05-23 21:17:02.1563] [INFO] [Microsoft.Hosting.Lifetime] Application started. Press Ctrl+C to shut down. 
[2022-05-23 21:17:02.1563] [INFO] [Microsoft.Hosting.Lifetime] Hosting environment: Development 
[2022-05-23 21:17:02.1563] [INFO] [Microsoft.Hosting.Lifetime] Content root path: C:\Prj\Work\BreadCommunityWeb.Blz\Server 
[2022-05-23 21:18:18.5043] [INFO] [BreadCommunityWeb.Blz.Server.Program] init main 
[2022-05-23 21:18:25.0061] [INFO] [Microsoft.Hosting.Lifetime] Now listening on: http://[::]:5000 
[2022-05-23 21:18:25.0924] [INFO] [Microsoft.Hosting.Lifetime] Application started. Press Ctrl+C to shut down. 
[2022-05-23 21:18:25.0924] [INFO] [Microsoft.Hosting.Lifetime] Hosting environment: Development 
[2022-05-23 21:18:25.0924] [INFO] [Microsoft.Hosting.Lifetime] Content root path: C:\Prj\Work\BreadCommunityWeb.Blz\Server 
[2022-05-23 21:20:06.7128] [INFO] [BreadCommunityWeb.Blz.Server.Program] init main 
[2022-05-23 21:20:11.9041] [INFO] [Microsoft.Hosting.Lifetime] Now listening on: http://[::]:5000 
[2022-05-23 21:20:11.9244] [INFO] [Microsoft.Hosting.Lifetime] Application started. Press Ctrl+C to shut down. 
[2022-05-23 21:20:11.9244] [INFO] [Microsoft.Hosting.Lifetime] Hosting environment: Development 
[2022-05-23 21:20:11.9244] [INFO] [Microsoft.Hosting.Lifetime] Content root path: C:\Prj\Work\BreadCommunityWeb.Blz\Server 
[2022-05-23 21:22:25.7242] [INFO] [BreadCommunityWeb.Blz.Server.Program] init main 
[2022-05-23 21:22:30.9521] [INFO] [Microsoft.Hosting.Lifetime] Now listening on: http://[::]:5000 
[2022-05-23 21:22:31.0054] [INFO] [Microsoft.Hosting.Lifetime] Application started. Press Ctrl+C to shut down. 
[2022-05-23 21:22:31.0054] [INFO] [Microsoft.Hosting.Lifetime] Hosting environment: Development 
[2022-05-23 21:22:31.0054] [INFO] [Microsoft.Hosting.Lifetime] Content root path: C:\Prj\Work\BreadCommunityWeb.Blz\Server 
[2022-05-23 21:23:22.7611] [ERROR] [Microsoft.AspNetCore.Diagnostics.DeveloperExceptionPageMiddleware] An unhandled exception has occurred while executing the request. System.ArgumentOutOfRangeException: Index was out of range. Must be non-negative and less than the size of the collection. (Parameter 'index')
   at System.Collections.Generic.List`1.get_Item(Int32 index)
   at BreadCommunityWeb.Blz.Infrastructure.Server.Services.TagsLiveReportDataService.GetExcelReportData(Int32 factoryExternalId, Int32 deviceExternalId, DateTime startReportDate, DateTime endReportDate, Int32 languageExternalId) in C:\Prj\Work\BreadCommunityWeb.Blz\Infrastructure.Server\Services\TagsLiveReportDataService.cs:line 81
   at BreadCommunityWeb.Blz.Server.Controllers.ReportController.GetTagsLiveExcelData(Int32 factoryExternalId, Int32 deviceExternalId, DateTime startDate, DateTime endDate) in C:\Prj\Work\BreadCommunityWeb.Blz\Server\Controllers\ReportController.cs:line 131
   at lambda_method433(Closure , Object )
   at Microsoft.AspNetCore.Mvc.Infrastructure.ActionMethodExecutor.AwaitableObjectResultExecutor.Execute(IActionResultTypeMapper mapper, ObjectMethodExecutor executor, Object controller, Object[] arguments)
   at Microsoft.AspNetCore.Mvc.Infrastructure.ControllerActionInvoker.<InvokeActionMethodAsync>g__Awaited|12_0(ControllerActionInvoker invoker, ValueTask`1 actionResultValueTask)
   at Microsoft.AspNetCore.Mvc.Infrastructure.ControllerActionInvoker.<InvokeNextActionFilterAsync>g__Awaited|10_0(ControllerActionInvoker invoker, Task lastTask, State next, Scope scope, Object state, Boolean isCompleted)
   at Microsoft.AspNetCore.Mvc.Infrastructure.ControllerActionInvoker.Rethrow(ActionExecutedContextSealed context)
   at Microsoft.AspNetCore.Mvc.Infrastructure.ControllerActionInvoker.Next(State& next, Scope& scope, Object& state, Boolean& isCompleted)
   at Microsoft.AspNetCore.Mvc.Infrastructure.ControllerActionInvoker.<InvokeInnerFilterAsync>g__Awaited|13_0(ControllerActionInvoker invoker, Task lastTask, State next, Scope scope, Object state, Boolean isCompleted)
   at Microsoft.AspNetCore.Mvc.Infrastructure.ResourceInvoker.<InvokeNextResourceFilter>g__Awaited|25_0(ResourceInvoker invoker, Task lastTask, State next, Scope scope, Object state, Boolean isCompleted)
   at Microsoft.AspNetCore.Mvc.Infrastructure.ResourceInvoker.Rethrow(ResourceExecutedContextSealed context)
   at Microsoft.AspNetCore.Mvc.Infrastructure.ResourceInvoker.Next(State& next, Scope& scope, Object& state, Boolean& isCompleted)
   at Microsoft.AspNetCore.Mvc.Infrastructure.ResourceInvoker.<InvokeFilterPipelineAsync>g__Awaited|20_0(ResourceInvoker invoker, Task lastTask, State next, Scope scope, Object state, Boolean isCompleted)
   at Microsoft.AspNetCore.Mvc.Infrastructure.ResourceInvoker.<InvokeAsync>g__Awaited|17_0(ResourceInvoker invoker, Task task, IDisposable scope)
   at Microsoft.AspNetCore.Mvc.Infrastructure.ResourceInvoker.<InvokeAsync>g__Awaited|17_0(ResourceInvoker invoker, Task task, IDisposable scope)
   at Microsoft.AspNetCore.Routing.EndpointMiddleware.<Invoke>g__AwaitRequestTask|6_0(Endpoint endpoint, Task requestTask, ILogger logger)
   at Microsoft.AspNetCore.Authorization.AuthorizationMiddleware.Invoke(HttpContext context)
   at Microsoft.AspNetCore.Authentication.AuthenticationMiddleware.Invoke(HttpContext context)
   at Swashbuckle.AspNetCore.SwaggerUI.SwaggerUIMiddleware.Invoke(HttpContext httpContext)
   at Swashbuckle.AspNetCore.Swagger.SwaggerMiddleware.Invoke(HttpContext httpContext, ISwaggerProvider swaggerProvider)
   at Microsoft.AspNetCore.Diagnostics.DeveloperExceptionPageMiddleware.Invoke(HttpContext context)
[2022-05-23 21:25:57.2787] [INFO] [BreadCommunityWeb.Blz.Server.Program] init main 
[2022-05-23 21:26:03.1085] [INFO] [Microsoft.Hosting.Lifetime] Now listening on: http://[::]:5000 
[2022-05-23 21:26:03.1485] [INFO] [Microsoft.Hosting.Lifetime] Application started. Press Ctrl+C to shut down. 
[2022-05-23 21:26:03.1485] [INFO] [Microsoft.Hosting.Lifetime] Hosting environment: Development 
[2022-05-23 21:26:03.1485] [INFO] [Microsoft.Hosting.Lifetime] Content root path: C:\Prj\Work\BreadCommunityWeb.Blz\Server 
[2022-05-23 21:27:05.2737] [ERROR] [Microsoft.AspNetCore.Diagnostics.DeveloperExceptionPageMiddleware] An unhandled exception has occurred while executing the request. System.ArgumentOutOfRangeException: Index was out of range. Must be non-negative and less than the size of the collection. (Parameter 'index')
   at System.Collections.Generic.List`1.get_Item(Int32 index)
   at BreadCommunityWeb.Blz.Infrastructure.Server.Services.TagsLiveReportDataService.GetExcelReportData(Int32 factoryExternalId, Int32 deviceExternalId, DateTime startReportDate, DateTime endReportDate, Int32 languageExternalId) in C:\Prj\Work\BreadCommunityWeb.Blz\Infrastructure.Server\Services\TagsLiveReportDataService.cs:line 81
   at BreadCommunityWeb.Blz.Server.Controllers.ReportController.GetTagsLiveExcelData(Int32 factoryExternalId, Int32 deviceExternalId, DateTime startDate, DateTime endDate) in C:\Prj\Work\BreadCommunityWeb.Blz\Server\Controllers\ReportController.cs:line 131
   at lambda_method433(Closure , Object )
   at Microsoft.AspNetCore.Mvc.Infrastructure.ActionMethodExecutor.AwaitableObjectResultExecutor.Execute(IActionResultTypeMapper mapper, ObjectMethodExecutor executor, Object controller, Object[] arguments)
   at Microsoft.AspNetCore.Mvc.Infrastructure.ControllerActionInvoker.<InvokeActionMethodAsync>g__Awaited|12_0(ControllerActionInvoker invoker, ValueTask`1 actionResultValueTask)
   at Microsoft.AspNetCore.Mvc.Infrastructure.ControllerActionInvoker.<InvokeNextActionFilterAsync>g__Awaited|10_0(ControllerActionInvoker invoker, Task lastTask, State next, Scope scope, Object state, Boolean isCompleted)
   at Microsoft.AspNetCore.Mvc.Infrastructure.ControllerActionInvoker.Rethrow(ActionExecutedContextSealed context)
   at Microsoft.AspNetCore.Mvc.Infrastructure.ControllerActionInvoker.Next(State& next, Scope& scope, Object& state, Boolean& isCompleted)
   at Microsoft.AspNetCore.Mvc.Infrastructure.ControllerActionInvoker.<InvokeInnerFilterAsync>g__Awaited|13_0(ControllerActionInvoker invoker, Task lastTask, State next, Scope scope, Object state, Boolean isCompleted)
   at Microsoft.AspNetCore.Mvc.Infrastructure.ResourceInvoker.<InvokeNextResourceFilter>g__Awaited|25_0(ResourceInvoker invoker, Task lastTask, State next, Scope scope, Object state, Boolean isCompleted)
   at Microsoft.AspNetCore.Mvc.Infrastructure.ResourceInvoker.Rethrow(ResourceExecutedContextSealed context)
   at Microsoft.AspNetCore.Mvc.Infrastructure.ResourceInvoker.Next(State& next, Scope& scope, Object& state, Boolean& isCompleted)
   at Microsoft.AspNetCore.Mvc.Infrastructure.ResourceInvoker.<InvokeFilterPipelineAsync>g__Awaited|20_0(ResourceInvoker invoker, Task lastTask, State next, Scope scope, Object state, Boolean isCompleted)
   at Microsoft.AspNetCore.Mvc.Infrastructure.ResourceInvoker.<InvokeAsync>g__Awaited|17_0(ResourceInvoker invoker, Task task, IDisposable scope)
   at Microsoft.AspNetCore.Mvc.Infrastructure.ResourceInvoker.<InvokeAsync>g__Awaited|17_0(ResourceInvoker invoker, Task task, IDisposable scope)
   at Microsoft.AspNetCore.Routing.EndpointMiddleware.<Invoke>g__AwaitRequestTask|6_0(Endpoint endpoint, Task requestTask, ILogger logger)
   at Microsoft.AspNetCore.Authorization.AuthorizationMiddleware.Invoke(HttpContext context)
   at Microsoft.AspNetCore.Authentication.AuthenticationMiddleware.Invoke(HttpContext context)
   at Swashbuckle.AspNetCore.SwaggerUI.SwaggerUIMiddleware.Invoke(HttpContext httpContext)
   at Swashbuckle.AspNetCore.Swagger.SwaggerMiddleware.Invoke(HttpContext httpContext, ISwaggerProvider swaggerProvider)
   at Microsoft.AspNetCore.Diagnostics.DeveloperExceptionPageMiddleware.Invoke(HttpContext context)
[2022-05-23 21:27:46.7304] [INFO] [BreadCommunityWeb.Blz.Server.Program] init main 
[2022-05-23 21:27:51.8337] [INFO] [Microsoft.Hosting.Lifetime] Now listening on: http://[::]:5000 
[2022-05-23 21:27:51.8526] [INFO] [Microsoft.Hosting.Lifetime] Application started. Press Ctrl+C to shut down. 
[2022-05-23 21:27:51.8526] [INFO] [Microsoft.Hosting.Lifetime] Hosting environment: Development 
[2022-05-23 21:27:51.8618] [INFO] [Microsoft.Hosting.Lifetime] Content root path: C:\Prj\Work\BreadCommunityWeb.Blz\Server 
[2022-05-23 21:28:37.6757] [ERROR] [Microsoft.AspNetCore.Diagnostics.DeveloperExceptionPageMiddleware] An unhandled exception has occurred while executing the request. System.ArgumentOutOfRangeException: Index was out of range. Must be non-negative and less than the size of the collection. (Parameter 'index')
   at System.Collections.Generic.List`1.get_Item(Int32 index)
   at BreadCommunityWeb.Blz.Infrastructure.Server.Services.TagsLiveReportDataService.GetExcelReportData(Int32 factoryExternalId, Int32 deviceExternalId, DateTime startReportDate, DateTime endReportDate, Int32 languageExternalId) in C:\Prj\Work\BreadCommunityWeb.Blz\Infrastructure.Server\Services\TagsLiveReportDataService.cs:line 81
   at BreadCommunityWeb.Blz.Server.Controllers.ReportController.GetTagsLiveExcelData(Int32 factoryExternalId, Int32 deviceExternalId, DateTime startDate, DateTime endDate) in C:\Prj\Work\BreadCommunityWeb.Blz\Server\Controllers\ReportController.cs:line 131
   at lambda_method433(Closure , Object )
   at Microsoft.AspNetCore.Mvc.Infrastructure.ActionMethodExecutor.AwaitableObjectResultExecutor.Execute(IActionResultTypeMapper mapper, ObjectMethodExecutor executor, Object controller, Object[] arguments)
   at Microsoft.AspNetCore.Mvc.Infrastructure.ControllerActionInvoker.<InvokeActionMethodAsync>g__Awaited|12_0(ControllerActionInvoker invoker, ValueTask`1 actionResultValueTask)
   at Microsoft.AspNetCore.Mvc.Infrastructure.ControllerActionInvoker.<InvokeNextActionFilterAsync>g__Awaited|10_0(ControllerActionInvoker invoker, Task lastTask, State next, Scope scope, Object state, Boolean isCompleted)
   at Microsoft.AspNetCore.Mvc.Infrastructure.ControllerActionInvoker.Rethrow(ActionExecutedContextSealed context)
   at Microsoft.AspNetCore.Mvc.Infrastructure.ControllerActionInvoker.Next(State& next, Scope& scope, Object& state, Boolean& isCompleted)
   at Microsoft.AspNetCore.Mvc.Infrastructure.ControllerActionInvoker.<InvokeInnerFilterAsync>g__Awaited|13_0(ControllerActionInvoker invoker, Task lastTask, State next, Scope scope, Object state, Boolean isCompleted)
   at Microsoft.AspNetCore.Mvc.Infrastructure.ResourceInvoker.<InvokeNextResourceFilter>g__Awaited|25_0(ResourceInvoker invoker, Task lastTask, State next, Scope scope, Object state, Boolean isCompleted)
   at Microsoft.AspNetCore.Mvc.Infrastructure.ResourceInvoker.Rethrow(ResourceExecutedContextSealed context)
   at Microsoft.AspNetCore.Mvc.Infrastructure.ResourceInvoker.Next(State& next, Scope& scope, Object& state, Boolean& isCompleted)
   at Microsoft.AspNetCore.Mvc.Infrastructure.ResourceInvoker.<InvokeFilterPipelineAsync>g__Awaited|20_0(ResourceInvoker invoker, Task lastTask, State next, Scope scope, Object state, Boolean isCompleted)
   at Microsoft.AspNetCore.Mvc.Infrastructure.ResourceInvoker.<InvokeAsync>g__Awaited|17_0(ResourceInvoker invoker, Task task, IDisposable scope)
   at Microsoft.AspNetCore.Mvc.Infrastructure.ResourceInvoker.<InvokeAsync>g__Awaited|17_0(ResourceInvoker invoker, Task task, IDisposable scope)
   at Microsoft.AspNetCore.Routing.EndpointMiddleware.<Invoke>g__AwaitRequestTask|6_0(Endpoint endpoint, Task requestTask, ILogger logger)
   at Microsoft.AspNetCore.Authorization.AuthorizationMiddleware.Invoke(HttpContext context)
   at Microsoft.AspNetCore.Authentication.AuthenticationMiddleware.Invoke(HttpContext context)
   at Swashbuckle.AspNetCore.SwaggerUI.SwaggerUIMiddleware.Invoke(HttpContext httpContext)
   at Swashbuckle.AspNetCore.Swagger.SwaggerMiddleware.Invoke(HttpContext httpContext, ISwaggerProvider swaggerProvider)
   at Microsoft.AspNetCore.Diagnostics.DeveloperExceptionPageMiddleware.Invoke(HttpContext context)
[2022-05-23 21:29:37.1984] [INFO] [BreadCommunityWeb.Blz.Server.Program] init main 
[2022-05-23 21:29:42.3704] [INFO] [Microsoft.Hosting.Lifetime] Now listening on: http://[::]:5000 
[2022-05-23 21:29:42.3976] [INFO] [Microsoft.Hosting.Lifetime] Application started. Press Ctrl+C to shut down. 
[2022-05-23 21:29:42.3976] [INFO] [Microsoft.Hosting.Lifetime] Hosting environment: Development 
[2022-05-23 21:29:42.3976] [INFO] [Microsoft.Hosting.Lifetime] Content root path: C:\Prj\Work\BreadCommunityWeb.Blz\Server 
[2022-05-23 21:30:37.1096] [INFO] [BreadCommunityWeb.Blz.Server.Program] init main 
[2022-05-23 21:30:42.7497] [INFO] [Microsoft.Hosting.Lifetime] Now listening on: http://[::]:5000 
[2022-05-23 21:30:42.7674] [INFO] [Microsoft.Hosting.Lifetime] Application started. Press Ctrl+C to shut down. 
[2022-05-23 21:30:42.7674] [INFO] [Microsoft.Hosting.Lifetime] Hosting environment: Development 
[2022-05-23 21:30:42.7674] [INFO] [Microsoft.Hosting.Lifetime] Content root path: C:\Prj\Work\BreadCommunityWeb.Blz\Server 
[2022-05-23 21:33:40.2235] [INFO] [BreadCommunityWeb.Blz.Server.Program] init main 
[2022-05-23 21:33:45.9833] [INFO] [Microsoft.Hosting.Lifetime] Now listening on: http://[::]:5000 
[2022-05-23 21:33:46.0033] [INFO] [Microsoft.Hosting.Lifetime] Application started. Press Ctrl+C to shut down. 
[2022-05-23 21:33:46.0033] [INFO] [Microsoft.Hosting.Lifetime] Hosting environment: Development 
[2022-05-23 21:33:46.0033] [INFO] [Microsoft.Hosting.Lifetime] Content root path: C:\Prj\Work\BreadCommunityWeb.Blz\Server 
