[2023-03-10 08:12:32.4965] [INFO] [BreadCommunityWeb.Blz.Server.Program] init main 
[2023-03-10 08:12:40.7392] [INFO] [Microsoft.Hosting.Lifetime] Now listening on: http://[::]:5000 
[2023-03-10 08:12:40.7974] [INFO] [Microsoft.Hosting.Lifetime] Application started. Press Ctrl+C to shut down. 
[2023-03-10 08:12:40.8015] [INFO] [Microsoft.Hosting.Lifetime] Hosting environment: Development 
[2023-03-10 08:12:40.8015] [INFO] [Microsoft.Hosting.Lifetime] Content root path: C:\Users\Алексей\Documents\Проекты\Volgor\BreadCommunity\Work\BreadCommunityWeb.Blz\Server 
[2023-03-10 08:27:03.9484] [INFO] [BreadCommunityWeb.Blz.Server.Program] init main 
[2023-03-10 08:27:11.0236] [INFO] [Microsoft.Hosting.Lifetime] Now listening on: http://[::]:5000 
[2023-03-10 08:27:11.0416] [INFO] [Microsoft.Hosting.Lifetime] Application started. Press Ctrl+C to shut down. 
[2023-03-10 08:27:11.0416] [INFO] [Microsoft.Hosting.Lifetime] Hosting environment: Development 
[2023-03-10 08:27:11.0416] [INFO] [Microsoft.Hosting.Lifetime] Content root path: C:\Users\Алексей\Documents\Проекты\Volgor\BreadCommunity\Work\BreadCommunityWeb.Blz\Server 
[2023-03-10 08:35:07.5226] [INFO] [BreadCommunityWeb.Blz.Server.Program] init main 
[2023-03-10 08:35:14.6967] [INFO] [Microsoft.Hosting.Lifetime] Now listening on: http://[::]:5000 
[2023-03-10 08:35:14.7221] [INFO] [Microsoft.Hosting.Lifetime] Application started. Press Ctrl+C to shut down. 
[2023-03-10 08:35:14.7221] [INFO] [Microsoft.Hosting.Lifetime] Hosting environment: Development 
[2023-03-10 08:35:14.7221] [INFO] [Microsoft.Hosting.Lifetime] Content root path: C:\Users\Алексей\Documents\Проекты\Volgor\BreadCommunity\Work\BreadCommunityWeb.Blz\Server 
[2023-03-10 08:44:31.0608] [INFO] [BreadCommunityWeb.Blz.Server.Program] init main 
[2023-03-10 08:44:38.8677] [INFO] [Microsoft.Hosting.Lifetime] Now listening on: http://[::]:5000 
[2023-03-10 08:44:38.8831] [INFO] [Microsoft.Hosting.Lifetime] Application started. Press Ctrl+C to shut down. 
[2023-03-10 08:44:38.8831] [INFO] [Microsoft.Hosting.Lifetime] Hosting environment: Development 
[2023-03-10 08:44:38.8831] [INFO] [Microsoft.Hosting.Lifetime] Content root path: C:\Users\Алексей\Documents\Проекты\Volgor\BreadCommunity\Work\BreadCommunityWeb.Blz\Server 
[2023-03-10 08:50:08.4295] [INFO] [BreadCommunityWeb.Blz.Server.Program] init main 
[2023-03-10 08:50:15.5932] [INFO] [Microsoft.Hosting.Lifetime] Now listening on: http://[::]:5000 
[2023-03-10 08:50:15.6078] [INFO] [Microsoft.Hosting.Lifetime] Application started. Press Ctrl+C to shut down. 
[2023-03-10 08:50:15.6078] [INFO] [Microsoft.Hosting.Lifetime] Hosting environment: Development 
[2023-03-10 08:50:15.6078] [INFO] [Microsoft.Hosting.Lifetime] Content root path: C:\Users\Алексей\Documents\Проекты\Volgor\BreadCommunity\Work\BreadCommunityWeb.Blz\Server 
[2023-03-10 08:51:56.0640] [INFO] [BreadCommunityWeb.Blz.Server.Program] init main 
[2023-03-10 08:52:03.1657] [INFO] [Microsoft.Hosting.Lifetime] Now listening on: http://[::]:5000 
[2023-03-10 08:52:03.1886] [INFO] [Microsoft.Hosting.Lifetime] Application started. Press Ctrl+C to shut down. 
[2023-03-10 08:52:03.1936] [INFO] [Microsoft.Hosting.Lifetime] Hosting environment: Development 
[2023-03-10 08:52:03.1936] [INFO] [Microsoft.Hosting.Lifetime] Content root path: C:\Users\Алексей\Documents\Проекты\Volgor\BreadCommunity\Work\BreadCommunityWeb.Blz\Server 
[2023-03-10 09:45:17.4190] [INFO] [BreadCommunityWeb.Blz.Server.Program] init main 
[2023-03-10 09:45:26.2122] [INFO] [Microsoft.Hosting.Lifetime] Now listening on: http://[::]:5000 
[2023-03-10 09:45:26.2278] [INFO] [Microsoft.Hosting.Lifetime] Application started. Press Ctrl+C to shut down. 
[2023-03-10 09:45:26.2278] [INFO] [Microsoft.Hosting.Lifetime] Hosting environment: Development 
[2023-03-10 09:45:26.2278] [INFO] [Microsoft.Hosting.Lifetime] Content root path: C:\Users\Алексей\Documents\Проекты\Volgor\BreadCommunity\Work\BreadCommunityWeb.Blz\Server 
[2023-03-10 09:46:57.2079] [INFO] [BreadCommunityWeb.Blz.Server.Program] init main 
[2023-03-10 09:47:04.2660] [INFO] [Microsoft.Hosting.Lifetime] Now listening on: http://[::]:5000 
[2023-03-10 09:47:04.2831] [INFO] [Microsoft.Hosting.Lifetime] Application started. Press Ctrl+C to shut down. 
[2023-03-10 09:47:04.2831] [INFO] [Microsoft.Hosting.Lifetime] Hosting environment: Development 
[2023-03-10 09:47:04.2831] [INFO] [Microsoft.Hosting.Lifetime] Content root path: C:\Users\Алексей\Documents\Проекты\Volgor\BreadCommunity\Work\BreadCommunityWeb.Blz\Server 
[2023-03-10 09:53:53.6626] [INFO] [BreadCommunityWeb.Blz.Server.Program] init main 
[2023-03-10 09:54:01.8468] [INFO] [Microsoft.Hosting.Lifetime] Now listening on: http://[::]:5000 
[2023-03-10 09:54:01.8734] [INFO] [Microsoft.Hosting.Lifetime] Application started. Press Ctrl+C to shut down. 
[2023-03-10 09:54:01.8734] [INFO] [Microsoft.Hosting.Lifetime] Hosting environment: Development 
[2023-03-10 09:54:01.8761] [INFO] [Microsoft.Hosting.Lifetime] Content root path: C:\Users\Алексей\Documents\Проекты\Volgor\BreadCommunity\Work\BreadCommunityWeb.Blz\Server 
[2023-03-10 10:18:34.0018] [INFO] [BreadCommunityWeb.Blz.Server.Program] init main 
[2023-03-10 10:21:32.8584] [INFO] [BreadCommunityWeb.Blz.Server.Program] init main 
[2023-03-10 10:21:47.7698] [INFO] [BreadCommunityWeb.Blz.Server.Program] init main 
[2023-03-10 10:21:53.1629] [INFO] [Microsoft.Hosting.Lifetime] Now listening on: http://[::]:5000 
[2023-03-10 10:21:53.1758] [INFO] [Microsoft.Hosting.Lifetime] Application started. Press Ctrl+C to shut down. 
[2023-03-10 10:21:53.1758] [INFO] [Microsoft.Hosting.Lifetime] Hosting environment: Development 
[2023-03-10 10:21:53.1758] [INFO] [Microsoft.Hosting.Lifetime] Content root path: C:\Users\Алексей\Documents\Проекты\Volgor\BreadCommunity\Work\BreadCommunityWeb.Blz\Server 
[2023-03-10 10:25:43.3482] [INFO] [BreadCommunityWeb.Blz.Server.Program] init main 
[2023-03-10 10:25:48.0053] [INFO] [Microsoft.Hosting.Lifetime] Now listening on: http://[::]:5000 
[2023-03-10 10:25:48.0325] [INFO] [Microsoft.Hosting.Lifetime] Application started. Press Ctrl+C to shut down. 
[2023-03-10 10:25:48.0340] [INFO] [Microsoft.Hosting.Lifetime] Hosting environment: Development 
[2023-03-10 10:25:48.0340] [INFO] [Microsoft.Hosting.Lifetime] Content root path: C:\Users\Алексей\Documents\Проекты\Volgor\BreadCommunity\Work\BreadCommunityWeb.Blz\Server 
[2023-03-10 10:31:03.3810] [INFO] [BreadCommunityWeb.Blz.Server.Program] init main 
[2023-03-10 10:31:08.3609] [INFO] [Microsoft.Hosting.Lifetime] Now listening on: http://[::]:5000 
[2023-03-10 10:31:08.3811] [INFO] [Microsoft.Hosting.Lifetime] Application started. Press Ctrl+C to shut down. 
[2023-03-10 10:31:08.3811] [INFO] [Microsoft.Hosting.Lifetime] Hosting environment: Development 
[2023-03-10 10:31:08.3811] [INFO] [Microsoft.Hosting.Lifetime] Content root path: C:\Users\Алексей\Documents\Проекты\Volgor\BreadCommunity\Work\BreadCommunityWeb.Blz\Server 
[2023-03-10 10:36:05.5663] [INFO] [BreadCommunityWeb.Blz.Server.Program] init main 
[2023-03-10 10:36:14.6348] [INFO] [Microsoft.Hosting.Lifetime] Now listening on: http://[::]:5000 
[2023-03-10 10:36:14.7060] [INFO] [Microsoft.Hosting.Lifetime] Application started. Press Ctrl+C to shut down. 
[2023-03-10 10:36:14.7060] [INFO] [Microsoft.Hosting.Lifetime] Hosting environment: Development 
[2023-03-10 10:36:14.7060] [INFO] [Microsoft.Hosting.Lifetime] Content root path: C:\Users\Алексей\Documents\Проекты\Volgor\BreadCommunity\Work\BreadCommunityWeb.Blz\Server 
[2023-03-10 10:39:09.0035] [INFO] [BreadCommunityWeb.Blz.Server.Program] init main 
[2023-03-10 10:39:16.9870] [INFO] [Microsoft.Hosting.Lifetime] Now listening on: http://[::]:5000 
[2023-03-10 10:39:17.0040] [INFO] [Microsoft.Hosting.Lifetime] Application started. Press Ctrl+C to shut down. 
[2023-03-10 10:39:17.0040] [INFO] [Microsoft.Hosting.Lifetime] Hosting environment: Development 
[2023-03-10 10:39:17.0040] [INFO] [Microsoft.Hosting.Lifetime] Content root path: C:\Users\Алексей\Documents\Проекты\Volgor\BreadCommunity\Work\BreadCommunityWeb.Blz\Server 
[2023-03-10 10:41:30.8733] [INFO] [BreadCommunityWeb.Blz.Server.Program] init main 
[2023-03-10 10:41:38.6797] [INFO] [Microsoft.Hosting.Lifetime] Now listening on: http://[::]:5000 
[2023-03-10 10:41:38.7053] [INFO] [Microsoft.Hosting.Lifetime] Application started. Press Ctrl+C to shut down. 
[2023-03-10 10:41:38.7053] [INFO] [Microsoft.Hosting.Lifetime] Hosting environment: Development 
[2023-03-10 10:41:38.7053] [INFO] [Microsoft.Hosting.Lifetime] Content root path: C:\Users\Алексей\Documents\Проекты\Volgor\BreadCommunity\Work\BreadCommunityWeb.Blz\Server 
[2023-03-10 10:43:47.2527] [INFO] [BreadCommunityWeb.Blz.Server.Program] init main 
[2023-03-10 10:43:54.5919] [INFO] [Microsoft.Hosting.Lifetime] Now listening on: http://[::]:5000 
[2023-03-10 10:43:54.6085] [INFO] [Microsoft.Hosting.Lifetime] Application started. Press Ctrl+C to shut down. 
[2023-03-10 10:43:54.6085] [INFO] [Microsoft.Hosting.Lifetime] Hosting environment: Development 
[2023-03-10 10:43:54.6114] [INFO] [Microsoft.Hosting.Lifetime] Content root path: C:\Users\Алексей\Documents\Проекты\Volgor\BreadCommunity\Work\BreadCommunityWeb.Blz\Server 
[2023-03-10 10:45:14.0288] [INFO] [BreadCommunityWeb.Blz.Server.Program] init main 
[2023-03-10 10:45:20.1480] [INFO] [Microsoft.Hosting.Lifetime] Now listening on: http://[::]:5000 
[2023-03-10 10:45:20.1650] [INFO] [Microsoft.Hosting.Lifetime] Application started. Press Ctrl+C to shut down. 
[2023-03-10 10:45:20.1650] [INFO] [Microsoft.Hosting.Lifetime] Hosting environment: Development 
[2023-03-10 10:45:20.1650] [INFO] [Microsoft.Hosting.Lifetime] Content root path: C:\Users\Алексей\Documents\Проекты\Volgor\BreadCommunity\Work\BreadCommunityWeb.Blz\Server 
[2023-03-10 11:13:47.7049] [INFO] [BreadCommunityWeb.Blz.Server.Program] init main 
[2023-03-10 11:13:55.1959] [INFO] [Microsoft.Hosting.Lifetime] Now listening on: http://[::]:5000 
[2023-03-10 11:13:55.2116] [INFO] [Microsoft.Hosting.Lifetime] Application started. Press Ctrl+C to shut down. 
[2023-03-10 11:13:55.2116] [INFO] [Microsoft.Hosting.Lifetime] Hosting environment: Development 
[2023-03-10 11:13:55.2116] [INFO] [Microsoft.Hosting.Lifetime] Content root path: C:\Users\Алексей\Documents\Проекты\Volgor\BreadCommunity\Work\BreadCommunityWeb.Blz\Server 
[2023-03-10 11:27:58.8566] [INFO] [BreadCommunityWeb.Blz.Server.Program] init main 
[2023-03-10 11:28:05.4568] [INFO] [Microsoft.Hosting.Lifetime] Now listening on: http://[::]:5000 
[2023-03-10 11:28:05.4813] [INFO] [Microsoft.Hosting.Lifetime] Application started. Press Ctrl+C to shut down. 
[2023-03-10 11:28:05.4813] [INFO] [Microsoft.Hosting.Lifetime] Hosting environment: Development 
[2023-03-10 11:28:05.4813] [INFO] [Microsoft.Hosting.Lifetime] Content root path: C:\Users\Алексей\Documents\Проекты\Volgor\BreadCommunity\Work\BreadCommunityWeb.Blz\Server 
