[2021-11-15 11:44:55.2411] [INFO] [BreadCommunityWeb.Blz.Server.Program] init main 
[2021-11-15 11:44:59.9872] [INFO] [Microsoft.Hosting.Lifetime] Now listening on: http://localhost:5000 
[2021-11-15 11:44:59.9872] [INFO] [Microsoft.Hosting.Lifetime] Application started. Press Ctrl+C to shut down. 
[2021-11-15 11:44:59.9872] [INFO] [Microsoft.Hosting.Lifetime] Hosting environment: Development 
[2021-11-15 11:44:59.9872] [INFO] [Microsoft.Hosting.Lifetime] Content root path: C:\Users\Алексей\Documents\Проекты\BreadComm\BreadCommunityWeb.Blz\Server 
[2021-11-15 16:42:27.9310] [INFO] [BreadCommunityWeb.Blz.Server.Program] init main 
[2021-11-15 16:42:35.3386] [INFO] [Microsoft.Hosting.Lifetime] Now listening on: http://localhost:5000 
[2021-11-15 16:42:35.3505] [INFO] [Microsoft.Hosting.Lifetime] Application started. Press Ctrl+C to shut down. 
[2021-11-15 16:42:35.3505] [INFO] [Microsoft.Hosting.Lifetime] Hosting environment: Development 
[2021-11-15 16:42:35.3505] [INFO] [Microsoft.Hosting.Lifetime] Content root path: C:\Users\Алексей\Documents\Проекты\BreadComm\BreadCommunityWeb.Blz\Server 
[2021-11-15 16:44:21.6218] [INFO] [BreadCommunityWeb.Blz.Server.Program] init main 
[2021-11-15 16:44:27.3035] [INFO] [Microsoft.Hosting.Lifetime] Now listening on: http://localhost:5000 
[2021-11-15 16:44:27.3178] [INFO] [Microsoft.Hosting.Lifetime] Application started. Press Ctrl+C to shut down. 
[2021-11-15 16:44:27.3178] [INFO] [Microsoft.Hosting.Lifetime] Hosting environment: Development 
[2021-11-15 16:44:27.3178] [INFO] [Microsoft.Hosting.Lifetime] Content root path: C:\Users\Алексей\Documents\Проекты\BreadComm\BreadCommunityWeb.Blz\Server 
[2021-11-15 16:46:34.2813] [INFO] [BreadCommunityWeb.Blz.Server.Program] init main 
[2021-11-15 16:46:39.9952] [INFO] [Microsoft.Hosting.Lifetime] Now listening on: http://localhost:5000 
[2021-11-15 16:46:40.0066] [INFO] [Microsoft.Hosting.Lifetime] Application started. Press Ctrl+C to shut down. 
[2021-11-15 16:46:40.0066] [INFO] [Microsoft.Hosting.Lifetime] Hosting environment: Development 
[2021-11-15 16:46:40.0066] [INFO] [Microsoft.Hosting.Lifetime] Content root path: C:\Users\Алексей\Documents\Проекты\BreadComm\BreadCommunityWeb.Blz\Server 
[2021-11-15 20:27:22.1134] [INFO] [BreadCommunityWeb.Blz.Server.Program] init main 
[2021-11-15 20:27:34.4456] [INFO] [Microsoft.Hosting.Lifetime] Now listening on: http://localhost:5000 
[2021-11-15 20:27:34.4823] [INFO] [Microsoft.Hosting.Lifetime] Application started. Press Ctrl+C to shut down. 
[2021-11-15 20:27:34.4823] [INFO] [Microsoft.Hosting.Lifetime] Hosting environment: Development 
[2021-11-15 20:27:34.4978] [INFO] [Microsoft.Hosting.Lifetime] Content root path: C:\Users\Алексей\Documents\Проекты\BreadComm\BreadCommunityWeb.Blz\Server 
[2021-11-15 20:28:25.4104] [INFO] [BreadCommunityWeb.Blz.Server.Program] init main 
[2021-11-15 20:28:31.0356] [INFO] [Microsoft.Hosting.Lifetime] Now listening on: http://localhost:5000 
[2021-11-15 20:28:31.0529] [INFO] [Microsoft.Hosting.Lifetime] Application started. Press Ctrl+C to shut down. 
[2021-11-15 20:28:31.0529] [INFO] [Microsoft.Hosting.Lifetime] Hosting environment: Development 
[2021-11-15 20:28:31.0529] [INFO] [Microsoft.Hosting.Lifetime] Content root path: C:\Users\Алексей\Documents\Проекты\BreadComm\BreadCommunityWeb.Blz\Server 
[2021-11-15 20:29:56.9559] [INFO] [BreadCommunityWeb.Blz.Server.Program] init main 
[2021-11-15 20:30:01.4535] [INFO] [Microsoft.Hosting.Lifetime] Now listening on: http://localhost:5000 
[2021-11-15 20:30:01.4780] [INFO] [Microsoft.Hosting.Lifetime] Application started. Press Ctrl+C to shut down. 
[2021-11-15 20:30:01.4780] [INFO] [Microsoft.Hosting.Lifetime] Hosting environment: Development 
[2021-11-15 20:30:01.4827] [INFO] [Microsoft.Hosting.Lifetime] Content root path: C:\Users\Алексей\Documents\Проекты\BreadComm\BreadCommunityWeb.Blz\Server 
[2021-11-15 20:37:12.4466] [INFO] [BreadCommunityWeb.Blz.Server.Program] init main 
[2021-11-15 20:37:16.4177] [INFO] [Microsoft.Hosting.Lifetime] Now listening on: http://localhost:5000 
[2021-11-15 20:37:16.4281] [INFO] [Microsoft.Hosting.Lifetime] Application started. Press Ctrl+C to shut down. 
[2021-11-15 20:37:16.4281] [INFO] [Microsoft.Hosting.Lifetime] Hosting environment: Development 
[2021-11-15 20:37:16.4281] [INFO] [Microsoft.Hosting.Lifetime] Content root path: C:\Users\Алексей\Documents\Проекты\BreadComm\BreadCommunityWeb.Blz\Server 
[2021-11-15 20:40:08.9581] [INFO] [BreadCommunityWeb.Blz.Server.Program] init main 
[2021-11-15 20:40:15.0851] [INFO] [Microsoft.Hosting.Lifetime] Now listening on: http://localhost:5000 
[2021-11-15 20:40:15.1089] [INFO] [Microsoft.Hosting.Lifetime] Application started. Press Ctrl+C to shut down. 
[2021-11-15 20:40:15.1089] [INFO] [Microsoft.Hosting.Lifetime] Hosting environment: Development 
[2021-11-15 20:40:15.1089] [INFO] [Microsoft.Hosting.Lifetime] Content root path: C:\Users\Алексей\Documents\Проекты\BreadComm\BreadCommunityWeb.Blz\Server 
[2021-11-15 20:41:23.2275] [INFO] [BreadCommunityWeb.Blz.Server.Program] init main 
[2021-11-15 20:41:31.1069] [INFO] [Microsoft.Hosting.Lifetime] Now listening on: http://localhost:5000 
[2021-11-15 20:41:31.1246] [INFO] [Microsoft.Hosting.Lifetime] Application started. Press Ctrl+C to shut down. 
[2021-11-15 20:41:31.1246] [INFO] [Microsoft.Hosting.Lifetime] Hosting environment: Development 
[2021-11-15 20:41:31.1246] [INFO] [Microsoft.Hosting.Lifetime] Content root path: C:\Users\Алексей\Documents\Проекты\BreadComm\BreadCommunityWeb.Blz\Server 
[2021-11-15 20:47:33.9596] [INFO] [BreadCommunityWeb.Blz.Server.Program] init main 
[2021-11-15 20:47:39.7972] [INFO] [Microsoft.Hosting.Lifetime] Now listening on: http://localhost:5000 
[2021-11-15 20:47:39.8095] [INFO] [Microsoft.Hosting.Lifetime] Application started. Press Ctrl+C to shut down. 
[2021-11-15 20:47:39.8095] [INFO] [Microsoft.Hosting.Lifetime] Hosting environment: Development 
[2021-11-15 20:47:39.8095] [INFO] [Microsoft.Hosting.Lifetime] Content root path: C:\Users\Алексей\Documents\Проекты\BreadComm\BreadCommunityWeb.Blz\Server 
[2021-11-15 20:48:41.8226] [INFO] [BreadCommunityWeb.Blz.Server.Program] init main 
[2021-11-15 20:48:48.4937] [INFO] [Microsoft.Hosting.Lifetime] Now listening on: http://localhost:5000 
[2021-11-15 20:48:48.5255] [INFO] [Microsoft.Hosting.Lifetime] Application started. Press Ctrl+C to shut down. 
[2021-11-15 20:48:48.5255] [INFO] [Microsoft.Hosting.Lifetime] Hosting environment: Development 
[2021-11-15 20:48:48.5297] [INFO] [Microsoft.Hosting.Lifetime] Content root path: C:\Users\Алексей\Documents\Проекты\BreadComm\BreadCommunityWeb.Blz\Server 
[2021-11-15 20:50:28.2895] [INFO] [BreadCommunityWeb.Blz.Server.Program] init main 
[2021-11-15 20:50:34.8382] [INFO] [Microsoft.Hosting.Lifetime] Now listening on: http://localhost:5000 
[2021-11-15 20:50:34.8551] [INFO] [Microsoft.Hosting.Lifetime] Application started. Press Ctrl+C to shut down. 
[2021-11-15 20:50:34.8565] [INFO] [Microsoft.Hosting.Lifetime] Hosting environment: Development 
[2021-11-15 20:50:34.8565] [INFO] [Microsoft.Hosting.Lifetime] Content root path: C:\Users\Алексей\Documents\Проекты\BreadComm\BreadCommunityWeb.Blz\Server 
[2021-11-15 20:52:50.2174] [INFO] [BreadCommunityWeb.Blz.Server.Program] init main 
[2021-11-15 20:52:58.5873] [INFO] [Microsoft.Hosting.Lifetime] Now listening on: http://localhost:5000 
[2021-11-15 20:52:58.6056] [INFO] [Microsoft.Hosting.Lifetime] Application started. Press Ctrl+C to shut down. 
[2021-11-15 20:52:58.6109] [INFO] [Microsoft.Hosting.Lifetime] Hosting environment: Development 
[2021-11-15 20:52:58.6109] [INFO] [Microsoft.Hosting.Lifetime] Content root path: C:\Users\Алексей\Documents\Проекты\BreadComm\BreadCommunityWeb.Blz\Server 
[2021-11-15 20:55:20.7989] [INFO] [BreadCommunityWeb.Blz.Server.Program] init main 
[2021-11-15 20:55:30.0839] [INFO] [Microsoft.Hosting.Lifetime] Now listening on: http://localhost:5000 
[2021-11-15 20:55:30.1039] [INFO] [Microsoft.Hosting.Lifetime] Application started. Press Ctrl+C to shut down. 
[2021-11-15 20:55:30.1039] [INFO] [Microsoft.Hosting.Lifetime] Hosting environment: Development 
[2021-11-15 20:55:30.1074] [INFO] [Microsoft.Hosting.Lifetime] Content root path: C:\Users\Алексей\Documents\Проекты\BreadComm\BreadCommunityWeb.Blz\Server 
[2021-11-15 21:05:43.0060] [INFO] [BreadCommunityWeb.Blz.Server.Program] init main 
[2021-11-15 21:05:47.4586] [INFO] [Microsoft.Hosting.Lifetime] Now listening on: http://localhost:5000 
[2021-11-15 21:05:47.4783] [INFO] [Microsoft.Hosting.Lifetime] Application started. Press Ctrl+C to shut down. 
[2021-11-15 21:05:47.4812] [INFO] [Microsoft.Hosting.Lifetime] Hosting environment: Development 
[2021-11-15 21:05:47.4812] [INFO] [Microsoft.Hosting.Lifetime] Content root path: C:\Users\Алексей\Documents\Проекты\BreadComm\BreadCommunityWeb.Blz\Server 
[2021-11-15 21:07:53.5775] [INFO] [BreadCommunityWeb.Blz.Server.Program] init main 
[2021-11-15 21:08:03.8686] [INFO] [Microsoft.Hosting.Lifetime] Now listening on: http://localhost:5000 
[2021-11-15 21:08:03.8865] [INFO] [Microsoft.Hosting.Lifetime] Application started. Press Ctrl+C to shut down. 
[2021-11-15 21:08:03.8880] [INFO] [Microsoft.Hosting.Lifetime] Hosting environment: Development 
[2021-11-15 21:08:03.8880] [INFO] [Microsoft.Hosting.Lifetime] Content root path: C:\Users\Алексей\Documents\Проекты\BreadComm\BreadCommunityWeb.Blz\Server 
[2021-11-15 21:10:43.7654] [INFO] [BreadCommunityWeb.Blz.Server.Program] init main 
[2021-11-15 21:10:52.7428] [INFO] [Microsoft.Hosting.Lifetime] Now listening on: http://localhost:5000 
[2021-11-15 21:10:52.8499] [INFO] [Microsoft.Hosting.Lifetime] Application started. Press Ctrl+C to shut down. 
[2021-11-15 21:10:52.8631] [INFO] [Microsoft.Hosting.Lifetime] Hosting environment: Development 
[2021-11-15 21:10:52.8631] [INFO] [Microsoft.Hosting.Lifetime] Content root path: C:\Users\Алексей\Documents\Проекты\BreadComm\BreadCommunityWeb.Blz\Server 
[2021-11-15 21:12:05.2358] [INFO] [BreadCommunityWeb.Blz.Server.Program] init main 
[2021-11-15 21:12:13.7439] [INFO] [Microsoft.Hosting.Lifetime] Now listening on: http://localhost:5000 
[2021-11-15 21:12:13.7578] [INFO] [Microsoft.Hosting.Lifetime] Application started. Press Ctrl+C to shut down. 
[2021-11-15 21:12:13.7578] [INFO] [Microsoft.Hosting.Lifetime] Hosting environment: Development 
[2021-11-15 21:12:13.7578] [INFO] [Microsoft.Hosting.Lifetime] Content root path: C:\Users\Алексей\Documents\Проекты\BreadComm\BreadCommunityWeb.Blz\Server 
[2021-11-15 21:21:01.5246] [INFO] [BreadCommunityWeb.Blz.Server.Program] init main 
[2021-11-15 21:21:06.1166] [INFO] [Microsoft.Hosting.Lifetime] Now listening on: http://localhost:5000 
[2021-11-15 21:21:06.1343] [INFO] [Microsoft.Hosting.Lifetime] Application started. Press Ctrl+C to shut down. 
[2021-11-15 21:21:06.1343] [INFO] [Microsoft.Hosting.Lifetime] Hosting environment: Development 
[2021-11-15 21:21:06.1381] [INFO] [Microsoft.Hosting.Lifetime] Content root path: C:\Users\Алексей\Documents\Проекты\BreadComm\BreadCommunityWeb.Blz\Server 
