[2021-11-29 00:36:48.3283] [INFO] [BreadCommunityWeb.Blz.Server.Program] init main 
[2021-11-29 00:36:57.7478] [INFO] [Microsoft.Hosting.Lifetime] Now listening on: http://[::]:5000 
[2021-11-29 00:36:57.7632] [INFO] [Microsoft.Hosting.Lifetime] Application started. Press Ctrl+C to shut down. 
[2021-11-29 00:36:57.7632] [INFO] [Microsoft.Hosting.Lifetime] Hosting environment: Development 
[2021-11-29 00:36:57.7632] [INFO] [Microsoft.Hosting.Lifetime] Content root path: C:\Prj\Work\BreadCommunityWeb.Blz\Server 
[2021-11-29 00:38:56.3703] [INFO] [BreadCommunityWeb.Blz.Server.Program] init main 
[2021-11-29 00:39:04.1292] [INFO] [Microsoft.Hosting.Lifetime] Now listening on: http://[::]:5000 
[2021-11-29 00:39:04.1466] [INFO] [Microsoft.Hosting.Lifetime] Application started. Press Ctrl+C to shut down. 
[2021-11-29 00:39:04.1466] [INFO] [Microsoft.Hosting.Lifetime] Hosting environment: Development 
[2021-11-29 00:39:04.1466] [INFO] [Microsoft.Hosting.Lifetime] Content root path: C:\Prj\Work\BreadCommunityWeb.Blz\Server 
[2021-11-29 00:39:55.5534] [ERROR] [Microsoft.AspNetCore.Diagnostics.DeveloperExceptionPageMiddleware] An unhandled exception has occurred while executing the request. System.NullReferenceException: Object reference not set to an instance of an object.
   at BreadCommunityWeb.Blz.Infrastructure.Server.Services.ExcelReportService.MakeReport() in C:\Prj\Work\BreadCommunityWeb.Blz\Infrastructure.Server\Services\ExcelReportService.cs:line 26
   at BreadCommunityWeb.Blz.Server.Controllers.ReportController.GetReport(ReportDataInfo reportDataInfo) in C:\Prj\Work\BreadCommunityWeb.Blz\Server\Controllers\ReportController.cs:line 87
   at lambda_method380(Closure , Object )
   at Microsoft.AspNetCore.Mvc.Infrastructure.ActionMethodExecutor.TaskOfActionResultExecutor.Execute(IActionResultTypeMapper mapper, ObjectMethodExecutor executor, Object controller, Object[] arguments)
   at Microsoft.AspNetCore.Mvc.Infrastructure.ControllerActionInvoker.<InvokeActionMethodAsync>g__Awaited|12_0(ControllerActionInvoker invoker, ValueTask`1 actionResultValueTask)
   at Microsoft.AspNetCore.Mvc.Infrastructure.ControllerActionInvoker.<InvokeNextActionFilterAsync>g__Awaited|10_0(ControllerActionInvoker invoker, Task lastTask, State next, Scope scope, Object state, Boolean isCompleted)
   at Microsoft.AspNetCore.Mvc.Infrastructure.ControllerActionInvoker.Rethrow(ActionExecutedContextSealed context)
   at Microsoft.AspNetCore.Mvc.Infrastructure.ControllerActionInvoker.Next(State& next, Scope& scope, Object& state, Boolean& isCompleted)
   at Microsoft.AspNetCore.Mvc.Infrastructure.ControllerActionInvoker.<InvokeInnerFilterAsync>g__Awaited|13_0(ControllerActionInvoker invoker, Task lastTask, State next, Scope scope, Object state, Boolean isCompleted)
   at Microsoft.AspNetCore.Mvc.Infrastructure.ResourceInvoker.<InvokeNextResourceFilter>g__Awaited|24_0(ResourceInvoker invoker, Task lastTask, State next, Scope scope, Object state, Boolean isCompleted)
   at Microsoft.AspNetCore.Mvc.Infrastructure.ResourceInvoker.Rethrow(ResourceExecutedContextSealed context)
   at Microsoft.AspNetCore.Mvc.Infrastructure.ResourceInvoker.Next(State& next, Scope& scope, Object& state, Boolean& isCompleted)
   at Microsoft.AspNetCore.Mvc.Infrastructure.ResourceInvoker.<InvokeFilterPipelineAsync>g__Awaited|19_0(ResourceInvoker invoker, Task lastTask, State next, Scope scope, Object state, Boolean isCompleted)
   at Microsoft.AspNetCore.Mvc.Infrastructure.ResourceInvoker.<InvokeAsync>g__Awaited|17_0(ResourceInvoker invoker, Task task, IDisposable scope)
   at Microsoft.AspNetCore.Routing.EndpointMiddleware.<Invoke>g__AwaitRequestTask|6_0(Endpoint endpoint, Task requestTask, ILogger logger)
   at Microsoft.AspNetCore.Authorization.AuthorizationMiddleware.Invoke(HttpContext context)
   at Microsoft.AspNetCore.Authentication.AuthenticationMiddleware.Invoke(HttpContext context)
   at Swashbuckle.AspNetCore.SwaggerUI.SwaggerUIMiddleware.Invoke(HttpContext httpContext)
   at Swashbuckle.AspNetCore.Swagger.SwaggerMiddleware.Invoke(HttpContext httpContext, ISwaggerProvider swaggerProvider)
   at Microsoft.AspNetCore.Diagnostics.DeveloperExceptionPageMiddleware.Invoke(HttpContext context)
[2021-11-29 00:48:49.5948] [INFO] [BreadCommunityWeb.Blz.Server.Program] init main 
[2021-11-29 00:48:58.4627] [INFO] [Microsoft.Hosting.Lifetime] Now listening on: http://[::]:5000 
[2021-11-29 00:48:58.4627] [INFO] [Microsoft.Hosting.Lifetime] Application started. Press Ctrl+C to shut down. 
[2021-11-29 00:48:58.4797] [INFO] [Microsoft.Hosting.Lifetime] Hosting environment: Development 
[2021-11-29 00:48:58.4797] [INFO] [Microsoft.Hosting.Lifetime] Content root path: C:\Prj\Work\BreadCommunityWeb.Blz\Server 
[2021-11-29 00:50:35.1378] [INFO] [BreadCommunityWeb.Blz.Server.Program] init main 
[2021-11-29 00:50:42.4958] [INFO] [Microsoft.Hosting.Lifetime] Now listening on: http://[::]:5000 
[2021-11-29 00:50:42.5111] [INFO] [Microsoft.Hosting.Lifetime] Application started. Press Ctrl+C to shut down. 
[2021-11-29 00:50:42.5111] [INFO] [Microsoft.Hosting.Lifetime] Hosting environment: Development 
[2021-11-29 00:50:42.5111] [INFO] [Microsoft.Hosting.Lifetime] Content root path: C:\Prj\Work\BreadCommunityWeb.Blz\Server 
[2021-11-29 00:52:41.7407] [INFO] [BreadCommunityWeb.Blz.Server.Program] init main 
[2021-11-29 00:52:49.4996] [INFO] [Microsoft.Hosting.Lifetime] Now listening on: http://[::]:5000 
[2021-11-29 00:52:49.5156] [INFO] [Microsoft.Hosting.Lifetime] Application started. Press Ctrl+C to shut down. 
[2021-11-29 00:52:49.5156] [INFO] [Microsoft.Hosting.Lifetime] Hosting environment: Development 
[2021-11-29 00:52:49.5156] [INFO] [Microsoft.Hosting.Lifetime] Content root path: C:\Prj\Work\BreadCommunityWeb.Blz\Server 
[2021-11-29 01:05:43.8779] [INFO] [BreadCommunityWeb.Blz.Server.Program] init main 
[2021-11-29 01:05:55.8264] [INFO] [Microsoft.Hosting.Lifetime] Now listening on: http://[::]:5000 
[2021-11-29 01:05:55.8495] [INFO] [Microsoft.Hosting.Lifetime] Application started. Press Ctrl+C to shut down. 
[2021-11-29 01:05:55.8495] [INFO] [Microsoft.Hosting.Lifetime] Hosting environment: Development 
[2021-11-29 01:05:55.8537] [INFO] [Microsoft.Hosting.Lifetime] Content root path: C:\Prj\Work\BreadCommunityWeb.Blz\Server 
[2021-11-29 20:44:42.2838] [INFO] [BreadCommunityWeb.Blz.Server.Program] init main 
[2021-11-29 20:44:51.0965] [INFO] [Microsoft.Hosting.Lifetime] Now listening on: http://[::]:5000 
[2021-11-29 20:44:51.1213] [INFO] [Microsoft.Hosting.Lifetime] Application started. Press Ctrl+C to shut down. 
[2021-11-29 20:44:51.1213] [INFO] [Microsoft.Hosting.Lifetime] Hosting environment: Development 
[2021-11-29 20:44:51.1213] [INFO] [Microsoft.Hosting.Lifetime] Content root path: C:\Prj\Work\BreadCommunityWeb.Blz\Server 
[2021-11-29 21:15:57.0655] [ERROR] [Microsoft.AspNetCore.Diagnostics.DeveloperExceptionPageMiddleware] An unhandled exception has occurred while executing the request. Microsoft.EntityFrameworkCore.DbUpdateException: An error occurred while updating the entries. See the inner exception for details.
 ---> Microsoft.Data.SqlClient.SqlException (0x80131904): Cannot insert duplicate key row in object 'dbo.TagParamsDevices' with unique index 'IX_TagParamsDevices_TagParamId_DeviceId'. The duplicate key value is (1, 1).
The statement has been terminated.
   at Microsoft.Data.SqlClient.SqlCommand.<>c.<ExecuteDbDataReaderAsync>b__169_0(Task`1 result)
   at System.Threading.Tasks.ContinuationResultTaskFromResultTask`2.InnerInvoke()
   at System.Threading.ExecutionContext.RunInternal(ExecutionContext executionContext, ContextCallback callback, Object state)
--- End of stack trace from previous location ---
   at System.Threading.Tasks.Task.ExecuteWithThreadLocal(Task& currentTaskSlot, Thread threadPoolThread)
--- End of stack trace from previous location ---
   at Microsoft.EntityFrameworkCore.Storage.RelationalCommand.ExecuteReaderAsync(RelationalCommandParameterObject parameterObject, CancellationToken cancellationToken)
   at Microsoft.EntityFrameworkCore.Storage.RelationalCommand.ExecuteReaderAsync(RelationalCommandParameterObject parameterObject, CancellationToken cancellationToken)
   at Microsoft.EntityFrameworkCore.Update.ReaderModificationCommandBatch.ExecuteAsync(IRelationalConnection connection, CancellationToken cancellationToken)
ClientConnectionId:fa3aaf1a-3792-4168-915a-b1a3f22b999a
Error Number:2601,State:1,Class:14
   --- End of inner exception stack trace ---
   at Microsoft.EntityFrameworkCore.Update.ReaderModificationCommandBatch.ExecuteAsync(IRelationalConnection connection, CancellationToken cancellationToken)
   at Microsoft.EntityFrameworkCore.Update.Internal.BatchExecutor.ExecuteAsync(IEnumerable`1 commandBatches, IRelationalConnection connection, CancellationToken cancellationToken)
   at Microsoft.EntityFrameworkCore.Update.Internal.BatchExecutor.ExecuteAsync(IEnumerable`1 commandBatches, IRelationalConnection connection, CancellationToken cancellationToken)
   at Microsoft.EntityFrameworkCore.Update.Internal.BatchExecutor.ExecuteAsync(IEnumerable`1 commandBatches, IRelationalConnection connection, CancellationToken cancellationToken)
   at Microsoft.EntityFrameworkCore.ChangeTracking.Internal.StateManager.SaveChangesAsync(IList`1 entriesToSave, CancellationToken cancellationToken)
   at Microsoft.EntityFrameworkCore.ChangeTracking.Internal.StateManager.SaveChangesAsync(DbContext _, Boolean acceptAllChangesOnSuccess, CancellationToken cancellationToken)
   at Microsoft.EntityFrameworkCore.SqlServer.Storage.Internal.SqlServerExecutionStrategy.ExecuteAsync[TState,TResult](TState state, Func`4 operation, Func`4 verifySucceeded, CancellationToken cancellationToken)
   at Microsoft.EntityFrameworkCore.DbContext.SaveChangesAsync(Boolean acceptAllChangesOnSuccess, CancellationToken cancellationToken)
   at Microsoft.EntityFrameworkCore.DbContext.SaveChangesAsync(Boolean acceptAllChangesOnSuccess, CancellationToken cancellationToken)
   at BreadCommunityWeb.Blz.Infrastructure.Server.Repositories.DeviceRepository.AddTagParam(Int32 deviceId, TagParam tagParam) in C:\Prj\Work\BreadCommunityWeb.Blz\Infrastructure.Server\Repositories\DeviceRepository.cs:line 61
   at BreadCommunityWeb.Blz.Infrastructure.Server.Services.DeviceService.AddTagParamsToDevice(Int32 deviceExternalId, List`1 tagparamsExternalId) in C:\Prj\Work\BreadCommunityWeb.Blz\Infrastructure.Server\Services\DeviceService.cs:line 65
   at BreadCommunityWeb.Blz.Server.Controllers.DeviceController.AddTagParamsToDevice(Int32 deviceExternalId, List`1 tagparamsExternalId) in C:\Prj\Work\BreadCommunityWeb.Blz\Server\Controllers\DeviceController.cs:line 180
   at lambda_method671(Closure , Object )
   at Microsoft.AspNetCore.Mvc.Infrastructure.ActionMethodExecutor.TaskOfActionResultExecutor.Execute(IActionResultTypeMapper mapper, ObjectMethodExecutor executor, Object controller, Object[] arguments)
   at Microsoft.AspNetCore.Mvc.Infrastructure.ControllerActionInvoker.<InvokeActionMethodAsync>g__Awaited|12_0(ControllerActionInvoker invoker, ValueTask`1 actionResultValueTask)
   at Microsoft.AspNetCore.Mvc.Infrastructure.ControllerActionInvoker.<InvokeNextActionFilterAsync>g__Awaited|10_0(ControllerActionInvoker invoker, Task lastTask, State next, Scope scope, Object state, Boolean isCompleted)
   at Microsoft.AspNetCore.Mvc.Infrastructure.ControllerActionInvoker.Rethrow(ActionExecutedContextSealed context)
   at Microsoft.AspNetCore.Mvc.Infrastructure.ControllerActionInvoker.Next(State& next, Scope& scope, Object& state, Boolean& isCompleted)
   at Microsoft.AspNetCore.Mvc.Infrastructure.ControllerActionInvoker.<InvokeInnerFilterAsync>g__Awaited|13_0(ControllerActionInvoker invoker, Task lastTask, State next, Scope scope, Object state, Boolean isCompleted)
   at Microsoft.AspNetCore.Mvc.Infrastructure.ResourceInvoker.<InvokeNextResourceFilter>g__Awaited|24_0(ResourceInvoker invoker, Task lastTask, State next, Scope scope, Object state, Boolean isCompleted)
   at Microsoft.AspNetCore.Mvc.Infrastructure.ResourceInvoker.Rethrow(ResourceExecutedContextSealed context)
   at Microsoft.AspNetCore.Mvc.Infrastructure.ResourceInvoker.Next(State& next, Scope& scope, Object& state, Boolean& isCompleted)
   at Microsoft.AspNetCore.Mvc.Infrastructure.ResourceInvoker.<InvokeFilterPipelineAsync>g__Awaited|19_0(ResourceInvoker invoker, Task lastTask, State next, Scope scope, Object state, Boolean isCompleted)
   at Microsoft.AspNetCore.Mvc.Infrastructure.ResourceInvoker.<InvokeAsync>g__Awaited|17_0(ResourceInvoker invoker, Task task, IDisposable scope)
   at Microsoft.AspNetCore.Routing.EndpointMiddleware.<Invoke>g__AwaitRequestTask|6_0(Endpoint endpoint, Task requestTask, ILogger logger)
   at Microsoft.AspNetCore.Authorization.AuthorizationMiddleware.Invoke(HttpContext context)
   at Microsoft.AspNetCore.Authentication.AuthenticationMiddleware.Invoke(HttpContext context)
   at Swashbuckle.AspNetCore.SwaggerUI.SwaggerUIMiddleware.Invoke(HttpContext httpContext)
   at Swashbuckle.AspNetCore.Swagger.SwaggerMiddleware.Invoke(HttpContext httpContext, ISwaggerProvider swaggerProvider)
   at Microsoft.AspNetCore.Diagnostics.DeveloperExceptionPageMiddleware.Invoke(HttpContext context)
[2021-11-29 21:20:49.9499] [ERROR] [Microsoft.AspNetCore.Diagnostics.DeveloperExceptionPageMiddleware] An unhandled exception has occurred while executing the request. Microsoft.EntityFrameworkCore.DbUpdateException: An error occurred while updating the entries. See the inner exception for details.
 ---> Microsoft.Data.SqlClient.SqlException (0x80131904): Cannot insert duplicate key row in object 'dbo.TagParamsDevices' with unique index 'IX_TagParamsDevices_TagParamId_DeviceId'. The duplicate key value is (1, 2).
The statement has been terminated.
   at Microsoft.Data.SqlClient.SqlCommand.<>c.<ExecuteDbDataReaderAsync>b__169_0(Task`1 result)
   at System.Threading.Tasks.ContinuationResultTaskFromResultTask`2.InnerInvoke()
   at System.Threading.ExecutionContext.RunInternal(ExecutionContext executionContext, ContextCallback callback, Object state)
--- End of stack trace from previous location ---
   at System.Threading.Tasks.Task.ExecuteWithThreadLocal(Task& currentTaskSlot, Thread threadPoolThread)
--- End of stack trace from previous location ---
   at Microsoft.EntityFrameworkCore.Storage.RelationalCommand.ExecuteReaderAsync(RelationalCommandParameterObject parameterObject, CancellationToken cancellationToken)
   at Microsoft.EntityFrameworkCore.Storage.RelationalCommand.ExecuteReaderAsync(RelationalCommandParameterObject parameterObject, CancellationToken cancellationToken)
   at Microsoft.EntityFrameworkCore.Update.ReaderModificationCommandBatch.ExecuteAsync(IRelationalConnection connection, CancellationToken cancellationToken)
ClientConnectionId:fa3aaf1a-3792-4168-915a-b1a3f22b999a
Error Number:2601,State:1,Class:14
   --- End of inner exception stack trace ---
   at Microsoft.EntityFrameworkCore.Update.ReaderModificationCommandBatch.ExecuteAsync(IRelationalConnection connection, CancellationToken cancellationToken)
   at Microsoft.EntityFrameworkCore.Update.Internal.BatchExecutor.ExecuteAsync(IEnumerable`1 commandBatches, IRelationalConnection connection, CancellationToken cancellationToken)
   at Microsoft.EntityFrameworkCore.Update.Internal.BatchExecutor.ExecuteAsync(IEnumerable`1 commandBatches, IRelationalConnection connection, CancellationToken cancellationToken)
   at Microsoft.EntityFrameworkCore.Update.Internal.BatchExecutor.ExecuteAsync(IEnumerable`1 commandBatches, IRelationalConnection connection, CancellationToken cancellationToken)
   at Microsoft.EntityFrameworkCore.ChangeTracking.Internal.StateManager.SaveChangesAsync(IList`1 entriesToSave, CancellationToken cancellationToken)
   at Microsoft.EntityFrameworkCore.ChangeTracking.Internal.StateManager.SaveChangesAsync(DbContext _, Boolean acceptAllChangesOnSuccess, CancellationToken cancellationToken)
   at Microsoft.EntityFrameworkCore.SqlServer.Storage.Internal.SqlServerExecutionStrategy.ExecuteAsync[TState,TResult](TState state, Func`4 operation, Func`4 verifySucceeded, CancellationToken cancellationToken)
   at Microsoft.EntityFrameworkCore.DbContext.SaveChangesAsync(Boolean acceptAllChangesOnSuccess, CancellationToken cancellationToken)
   at Microsoft.EntityFrameworkCore.DbContext.SaveChangesAsync(Boolean acceptAllChangesOnSuccess, CancellationToken cancellationToken)
   at BreadCommunityWeb.Blz.Infrastructure.Server.Repositories.DeviceRepository.AddTagParam(Int32 deviceId, TagParam tagParam) in C:\Prj\Work\BreadCommunityWeb.Blz\Infrastructure.Server\Repositories\DeviceRepository.cs:line 61
   at BreadCommunityWeb.Blz.Infrastructure.Server.Services.DeviceService.AddTagParamsToDevice(Int32 deviceExternalId, List`1 tagparamsExternalId) in C:\Prj\Work\BreadCommunityWeb.Blz\Infrastructure.Server\Services\DeviceService.cs:line 65
   at BreadCommunityWeb.Blz.Server.Controllers.DeviceController.AddTagParamsToDevice(Int32 deviceExternalId, List`1 tagparamsExternalId) in C:\Prj\Work\BreadCommunityWeb.Blz\Server\Controllers\DeviceController.cs:line 180
   at lambda_method671(Closure , Object )
   at Microsoft.AspNetCore.Mvc.Infrastructure.ActionMethodExecutor.TaskOfActionResultExecutor.Execute(IActionResultTypeMapper mapper, ObjectMethodExecutor executor, Object controller, Object[] arguments)
   at Microsoft.AspNetCore.Mvc.Infrastructure.ControllerActionInvoker.<InvokeActionMethodAsync>g__Awaited|12_0(ControllerActionInvoker invoker, ValueTask`1 actionResultValueTask)
   at Microsoft.AspNetCore.Mvc.Infrastructure.ControllerActionInvoker.<InvokeNextActionFilterAsync>g__Awaited|10_0(ControllerActionInvoker invoker, Task lastTask, State next, Scope scope, Object state, Boolean isCompleted)
   at Microsoft.AspNetCore.Mvc.Infrastructure.ControllerActionInvoker.Rethrow(ActionExecutedContextSealed context)
   at Microsoft.AspNetCore.Mvc.Infrastructure.ControllerActionInvoker.Next(State& next, Scope& scope, Object& state, Boolean& isCompleted)
   at Microsoft.AspNetCore.Mvc.Infrastructure.ControllerActionInvoker.<InvokeInnerFilterAsync>g__Awaited|13_0(ControllerActionInvoker invoker, Task lastTask, State next, Scope scope, Object state, Boolean isCompleted)
   at Microsoft.AspNetCore.Mvc.Infrastructure.ResourceInvoker.<InvokeNextResourceFilter>g__Awaited|24_0(ResourceInvoker invoker, Task lastTask, State next, Scope scope, Object state, Boolean isCompleted)
   at Microsoft.AspNetCore.Mvc.Infrastructure.ResourceInvoker.Rethrow(ResourceExecutedContextSealed context)
   at Microsoft.AspNetCore.Mvc.Infrastructure.ResourceInvoker.Next(State& next, Scope& scope, Object& state, Boolean& isCompleted)
   at Microsoft.AspNetCore.Mvc.Infrastructure.ResourceInvoker.<InvokeFilterPipelineAsync>g__Awaited|19_0(ResourceInvoker invoker, Task lastTask, State next, Scope scope, Object state, Boolean isCompleted)
   at Microsoft.AspNetCore.Mvc.Infrastructure.ResourceInvoker.<InvokeAsync>g__Awaited|17_0(ResourceInvoker invoker, Task task, IDisposable scope)
   at Microsoft.AspNetCore.Routing.EndpointMiddleware.<Invoke>g__AwaitRequestTask|6_0(Endpoint endpoint, Task requestTask, ILogger logger)
   at Microsoft.AspNetCore.Authorization.AuthorizationMiddleware.Invoke(HttpContext context)
   at Microsoft.AspNetCore.Authentication.AuthenticationMiddleware.Invoke(HttpContext context)
   at Swashbuckle.AspNetCore.SwaggerUI.SwaggerUIMiddleware.Invoke(HttpContext httpContext)
   at Swashbuckle.AspNetCore.Swagger.SwaggerMiddleware.Invoke(HttpContext httpContext, ISwaggerProvider swaggerProvider)
   at Microsoft.AspNetCore.Diagnostics.DeveloperExceptionPageMiddleware.Invoke(HttpContext context)
[2021-11-29 21:21:34.0858] [INFO] [BreadCommunityWeb.Blz.Server.Program] init main 
[2021-11-29 21:21:40.1301] [INFO] [Microsoft.Hosting.Lifetime] Now listening on: http://[::]:5000 
[2021-11-29 21:21:40.1411] [INFO] [Microsoft.Hosting.Lifetime] Application started. Press Ctrl+C to shut down. 
[2021-11-29 21:21:40.1411] [INFO] [Microsoft.Hosting.Lifetime] Hosting environment: Development 
[2021-11-29 21:21:40.1411] [INFO] [Microsoft.Hosting.Lifetime] Content root path: C:\Prj\Work\BreadCommunityWeb.Blz\Server 
[2021-11-29 21:46:51.4709] [INFO] [BreadCommunityWeb.Blz.Server.Program] init main 
[2021-11-29 21:46:57.6967] [INFO] [Microsoft.Hosting.Lifetime] Now listening on: http://[::]:5000 
[2021-11-29 21:46:57.6967] [INFO] [Microsoft.Hosting.Lifetime] Application started. Press Ctrl+C to shut down. 
[2021-11-29 21:46:57.6967] [INFO] [Microsoft.Hosting.Lifetime] Hosting environment: Development 
[2021-11-29 21:46:57.6967] [INFO] [Microsoft.Hosting.Lifetime] Content root path: C:\Prj\Work\BreadCommunityWeb.Blz\Server 
[2021-11-29 21:47:36.1227] [INFO] [BreadCommunityWeb.Blz.Server.Program] init main 
[2021-11-29 21:47:42.2514] [INFO] [Microsoft.Hosting.Lifetime] Now listening on: http://[::]:5000 
[2021-11-29 21:47:42.2625] [INFO] [Microsoft.Hosting.Lifetime] Application started. Press Ctrl+C to shut down. 
[2021-11-29 21:47:42.2625] [INFO] [Microsoft.Hosting.Lifetime] Hosting environment: Development 
[2021-11-29 21:47:42.2625] [INFO] [Microsoft.Hosting.Lifetime] Content root path: C:\Prj\Work\BreadCommunityWeb.Blz\Server 
[2021-11-29 21:51:11.3942] [INFO] [BreadCommunityWeb.Blz.Server.Program] init main 
[2021-11-29 21:51:13.8568] [INFO] [Microsoft.Hosting.Lifetime] Now listening on: http://[::]:5000 
[2021-11-29 21:51:13.8986] [INFO] [Microsoft.Hosting.Lifetime] Application started. Press Ctrl+C to shut down. 
[2021-11-29 21:51:13.9001] [INFO] [Microsoft.Hosting.Lifetime] Hosting environment: Development 
[2021-11-29 21:51:13.9001] [INFO] [Microsoft.Hosting.Lifetime] Content root path: C:\Prj\Work\BreadCommunityWeb.Blz\Server 
[2021-11-29 21:52:35.3976] [INFO] [BreadCommunityWeb.Blz.Server.Program] init main 
[2021-11-29 21:52:42.9106] [INFO] [Microsoft.Hosting.Lifetime] Now listening on: http://[::]:5000 
[2021-11-29 21:52:42.9235] [INFO] [Microsoft.Hosting.Lifetime] Application started. Press Ctrl+C to shut down. 
[2021-11-29 21:52:42.9235] [INFO] [Microsoft.Hosting.Lifetime] Hosting environment: Development 
[2021-11-29 21:52:42.9235] [INFO] [Microsoft.Hosting.Lifetime] Content root path: C:\Prj\Work\BreadCommunityWeb.Blz\Server 
[2021-11-29 21:54:41.4678] [INFO] [BreadCommunityWeb.Blz.Server.Program] init main 
[2021-11-29 21:54:47.1054] [INFO] [Microsoft.Hosting.Lifetime] Now listening on: http://[::]:5000 
[2021-11-29 21:54:47.1246] [INFO] [Microsoft.Hosting.Lifetime] Application started. Press Ctrl+C to shut down. 
[2021-11-29 21:54:47.1455] [INFO] [Microsoft.Hosting.Lifetime] Hosting environment: Development 
[2021-11-29 21:54:47.1455] [INFO] [Microsoft.Hosting.Lifetime] Content root path: C:\Prj\Work\BreadCommunityWeb.Blz\Server 
[2021-11-29 21:55:40.3877] [INFO] [BreadCommunityWeb.Blz.Server.Program] init main 
[2021-11-29 21:55:46.4368] [INFO] [Microsoft.Hosting.Lifetime] Now listening on: http://[::]:5000 
[2021-11-29 21:55:46.4801] [INFO] [Microsoft.Hosting.Lifetime] Application started. Press Ctrl+C to shut down. 
[2021-11-29 21:55:46.4801] [INFO] [Microsoft.Hosting.Lifetime] Hosting environment: Development 
[2021-11-29 21:55:46.4801] [INFO] [Microsoft.Hosting.Lifetime] Content root path: C:\Prj\Work\BreadCommunityWeb.Blz\Server 
[2021-11-29 22:00:01.9699] [INFO] [BreadCommunityWeb.Blz.Server.Program] init main 
[2021-11-29 22:00:08.5683] [INFO] [Microsoft.Hosting.Lifetime] Now listening on: http://[::]:5000 
[2021-11-29 22:00:08.5800] [INFO] [Microsoft.Hosting.Lifetime] Application started. Press Ctrl+C to shut down. 
[2021-11-29 22:00:08.5800] [INFO] [Microsoft.Hosting.Lifetime] Hosting environment: Development 
[2021-11-29 22:00:08.5800] [INFO] [Microsoft.Hosting.Lifetime] Content root path: C:\Prj\Work\BreadCommunityWeb.Blz\Server 
[2021-11-29 22:03:36.4640] [INFO] [BreadCommunityWeb.Blz.Server.Program] init main 
[2021-11-29 22:03:42.9548] [INFO] [Microsoft.Hosting.Lifetime] Now listening on: http://[::]:5000 
[2021-11-29 22:03:42.9652] [INFO] [Microsoft.Hosting.Lifetime] Application started. Press Ctrl+C to shut down. 
[2021-11-29 22:03:42.9652] [INFO] [Microsoft.Hosting.Lifetime] Hosting environment: Development 
[2021-11-29 22:03:42.9652] [INFO] [Microsoft.Hosting.Lifetime] Content root path: C:\Prj\Work\BreadCommunityWeb.Blz\Server 
[2021-11-29 22:05:16.3789] [INFO] [BreadCommunityWeb.Blz.Server.Program] init main 
[2021-11-29 22:05:22.1274] [INFO] [Microsoft.Hosting.Lifetime] Now listening on: http://[::]:5000 
[2021-11-29 22:05:22.1385] [INFO] [Microsoft.Hosting.Lifetime] Application started. Press Ctrl+C to shut down. 
[2021-11-29 22:05:22.1385] [INFO] [Microsoft.Hosting.Lifetime] Hosting environment: Development 
[2021-11-29 22:05:22.1385] [INFO] [Microsoft.Hosting.Lifetime] Content root path: C:\Prj\Work\BreadCommunityWeb.Blz\Server 
[2021-11-29 22:06:14.9331] [INFO] [BreadCommunityWeb.Blz.Server.Program] init main 
[2021-11-29 22:06:21.1648] [INFO] [Microsoft.Hosting.Lifetime] Now listening on: http://[::]:5000 
[2021-11-29 22:06:21.1970] [INFO] [Microsoft.Hosting.Lifetime] Application started. Press Ctrl+C to shut down. 
[2021-11-29 22:06:21.1970] [INFO] [Microsoft.Hosting.Lifetime] Hosting environment: Development 
[2021-11-29 22:06:21.1970] [INFO] [Microsoft.Hosting.Lifetime] Content root path: C:\Prj\Work\BreadCommunityWeb.Blz\Server 
[2021-11-29 22:07:33.2817] [INFO] [BreadCommunityWeb.Blz.Server.Program] init main 
[2021-11-29 22:07:38.2868] [INFO] [Microsoft.Hosting.Lifetime] Now listening on: http://[::]:5000 
[2021-11-29 22:07:38.2987] [INFO] [Microsoft.Hosting.Lifetime] Application started. Press Ctrl+C to shut down. 
[2021-11-29 22:07:38.2987] [INFO] [Microsoft.Hosting.Lifetime] Hosting environment: Development 
[2021-11-29 22:07:38.2987] [INFO] [Microsoft.Hosting.Lifetime] Content root path: C:\Prj\Work\BreadCommunityWeb.Blz\Server 
