[2021-12-01 17:52:07.1720] [INFO] [BreadCommunityWeb.Blz.Server.Program] init main 
[2021-12-01 17:52:16.0297] [INFO] [Microsoft.Hosting.Lifetime] Now listening on: http://[::]:5000 
[2021-12-01 17:52:16.0392] [INFO] [Microsoft.Hosting.Lifetime] Application started. Press Ctrl+C to shut down. 
[2021-12-01 17:52:16.0392] [INFO] [Microsoft.Hosting.Lifetime] Hosting environment: Development 
[2021-12-01 17:52:16.0392] [INFO] [Microsoft.Hosting.Lifetime] Content root path: C:\Prj\Work\BreadCommunityWeb.Blz\Server 
[2021-12-01 18:00:48.9468] [INFO] [BreadCommunityWeb.Blz.Server.Program] init main 
[2021-12-01 18:00:53.5231] [INFO] [Microsoft.Hosting.Lifetime] Now listening on: http://[::]:5000 
[2021-12-01 18:00:53.5457] [INFO] [Microsoft.Hosting.Lifetime] Application started. Press Ctrl+C to shut down. 
[2021-12-01 18:00:53.5457] [INFO] [Microsoft.Hosting.Lifetime] Hosting environment: Development 
[2021-12-01 18:00:53.5502] [INFO] [Microsoft.Hosting.Lifetime] Content root path: C:\Prj\Work\BreadCommunityWeb.Blz\Server 
[2021-12-01 18:01:56.1501] [INFO] [BreadCommunityWeb.Blz.Server.Program] init main 
[2021-12-01 18:02:00.5102] [INFO] [Microsoft.Hosting.Lifetime] Now listening on: http://[::]:5000 
[2021-12-01 18:02:00.5353] [INFO] [Microsoft.Hosting.Lifetime] Application started. Press Ctrl+C to shut down. 
[2021-12-01 18:02:00.5353] [INFO] [Microsoft.Hosting.Lifetime] Hosting environment: Development 
[2021-12-01 18:02:00.5353] [INFO] [Microsoft.Hosting.Lifetime] Content root path: C:\Prj\Work\BreadCommunityWeb.Blz\Server 
[2021-12-01 18:15:31.5392] [INFO] [BreadCommunityWeb.Blz.Server.Program] init main 
[2021-12-01 18:15:37.2047] [INFO] [Microsoft.Hosting.Lifetime] Now listening on: http://[::]:5000 
[2021-12-01 18:15:37.2047] [INFO] [Microsoft.Hosting.Lifetime] Application started. Press Ctrl+C to shut down. 
[2021-12-01 18:15:37.2047] [INFO] [Microsoft.Hosting.Lifetime] Hosting environment: Development 
[2021-12-01 18:15:37.2047] [INFO] [Microsoft.Hosting.Lifetime] Content root path: C:\Prj\Work\BreadCommunityWeb.Blz\Server 
